2024-01-15 08:00:01,234 - app.server - INFO - Server started on port 8080
2024-01-15 08:00:02,100 - app.db - INFO - Database connection pool initialized (size=10)
2024-01-15 08:00:03,441 - app.cache - DEBUG - Redis connection established at localhost:6379
2024-01-15 08:00:05,892 - app.auth - DEBUG - Loading user session cache (0 sessions)
2024-01-15 08:01:12,003 - app.api - INFO - GET /health 200 OK (2ms)
2024-01-15 08:01:45,221 - app.api - INFO - POST /api/login 200 OK (45ms) user=alice@example.com
2024-01-15 08:02:03,887 - app.db - DEBUG - Query executed in 3ms: SELECT id, name FROM users WHERE email=?
2024-01-15 08:03:30,112 - app.api - INFO - GET /api/orders?user_id=42 200 OK (18ms)
2024-01-15 08:04:01,556 - app.db - WARN - Slow query detected (312ms): SELECT * FROM orders JOIN products ON orders.product_id = products.id WHERE user_id=42
2024-01-15 08:05:17,009 - app.auth - INFO - POST /api/login 200 OK (38ms) user=bob@example.com
2024-01-15 08:06:22,774 - app.api - INFO - PUT /api/orders/1023 200 OK (22ms)
2024-01-15 08:07:44,331 - app.db - DEBUG - Query executed in 5ms: UPDATE orders SET status='shipped' WHERE id=1023
2024-01-15 08:08:55,660 - app.cache - DEBUG - Cache miss for key user:42:orders — fetching from DB
2024-01-15 08:09:01,102 - app.api - WARN - Rate limit approaching for IP 203.0.113.42 (85/100 req/min)
2024-01-15 08:10:15,448 - app.db - ERROR - Connection timeout after 30s: host=db-replica-1.internal
2024-01-15 08:10:15,901 - app.db - INFO - Falling back to primary database host
2024-01-15 08:10:16,003 - app.db - INFO - Reconnected to primary database successfully
2024-01-15 08:11:03,219 - app.api - INFO - GET /api/products 200 OK (55ms) count=348
2024-01-15 08:12:30,007 - app.auth - WARN - Failed login attempt for user unknown@example.com from 203.0.113.42
2024-01-15 08:12:30,441 - app.auth - WARN - Failed login attempt for user admin@example.com from 203.0.113.42
2024-01-15 08:12:31,009 - app.auth - ERROR - Brute-force detected: 5 failed logins in 60s from IP 203.0.113.42 — blocking
2024-01-15 08:13:00,220 - app.api - INFO - POST /api/checkout 200 OK (112ms) order_id=1089
2024-01-15 08:14:45,881 - app.db - DEBUG - Query executed in 8ms: INSERT INTO orders VALUES (...)
2024-01-15 08:15:33,114 - app.email - INFO - Welcome email sent to charlie@example.com (msg_id=<abc123@mail.example.com>)
2024-01-15 08:16:50,003 - app.api - INFO - DELETE /api/sessions/abc123 200 OK (4ms)
2024-01-15 08:17:22,665 - app.cache - DEBUG - Evicting 128 expired cache entries
2024-01-15 08:18:01,998 - app.db - WARN - Connection pool at 90% capacity (9/10 connections in use)
2024-01-15 08:19:45,003 - app.api - ERROR - POST /api/payments 503 Service Unavailable — payment gateway timeout (15s)
2024-01-15 08:19:45,444 - app.payments - ERROR - Stripe API timeout after 15000ms: POST https://api.stripe.com/v1/charges
2024-01-15 08:19:46,001 - app.payments - INFO - Payment retry 1/3 for order_id=1089
2024-01-15 08:20:01,334 - app.payments - INFO - Payment retry 2/3 for order_id=1089
2024-01-15 08:20:16,667 - app.payments - ERROR - Payment retry 3/3 failed for order_id=1089 — marking order as pending
2024-01-15 08:20:16,990 - app.api - ERROR - POST /api/payments 500 Internal Server Error — all retries exhausted
2024-01-15 08:21:03,220 - app.db - INFO - Scheduled job: pruning sessions older than 7 days (removed 4201 rows)
2024-01-15 08:22:40,774 - app.api - INFO - GET /api/users/profile 200 OK (9ms) user=dave@example.com
2024-01-15 08:24:11,009 - app.db - ERROR - Deadlock detected on table=cart_items, txn_id=89012 — rolling back
2024-01-15 08:24:11,112 - app.db - INFO - Deadlock resolved after rollback, retrying transaction
2024-01-15 08:25:00,001 - app.server - DEBUG - GC pause: 42ms (heap=1.2GB / 2GB)
2024-01-15 08:26:33,440 - app.api - INFO - PATCH /api/users/profile 200 OK (31ms) user=eve@example.com
2024-01-15 08:28:05,112 - app.cache - WARN - Redis memory usage at 78% (780MB / 1GB) — consider eviction policy
2024-01-15 08:29:58,003 - app.auth - INFO - OAuth callback received, user=frank@example.com provider=github
2024-01-15 08:30:11,228 - app.api - INFO - GET /api/dashboard 200 OK (77ms) user=frank@example.com
2024-01-15 08:31:45,881 - app.db - WARN - Slow query detected (487ms): SELECT COUNT(*) FROM events WHERE created_at > NOW() - INTERVAL 30 DAY
2024-01-15 08:33:22,003 - app.api - INFO - POST /api/reports/generate 202 Accepted — job_id=rpt-9921
2024-01-15 08:35:01,440 - app.jobs - INFO - Background job rpt-9921 started (report generation)
2024-01-15 08:35:44,990 - app.jobs - DEBUG - Report query 1/4 complete (1.2s)
2024-01-15 08:36:01,003 - app.jobs - DEBUG - Report query 2/4 complete (0.8s)
2024-01-15 08:36:18,221 - app.jobs - DEBUG - Report query 3/4 complete (1.1s)
2024-01-15 08:36:35,440 - app.jobs - DEBUG - Report query 4/4 complete (0.9s)
2024-01-15 08:36:35,881 - app.jobs - INFO - Background job rpt-9921 complete (4.0s) — 3,842 rows
2024-01-15 08:37:00,112 - app.email - INFO - Report email sent to grace@example.com (job_id=rpt-9921)
2024-01-15 08:38:45,003 - app.db - ERROR - Query timeout after 30s: SELECT * FROM audit_log ORDER BY created_at DESC LIMIT 10000
2024-01-15 08:39:12,774 - app.api - WARN - Response time exceeded SLA (>200ms): GET /api/analytics/weekly took 823ms
2024-01-15 08:40:01,220 - app.server - INFO - Health check OK — uptime=2400s, requests=1482, errors=8
2024-01-15 08:42:33,007 - app.api - INFO - POST /api/login 200 OK (41ms) user=henry@example.com
2024-01-15 08:44:55,441 - app.db - DEBUG - Query executed in 4ms: SELECT * FROM products WHERE id IN (1,2,3,4,5)
2024-01-15 08:46:11,228 - app.api - ERROR - GET /api/users/9999 404 Not Found — user does not exist
2024-01-15 08:47:30,003 - app.cache - DEBUG - Cache hit ratio: 94.2% (last 5 min)
2024-01-15 08:48:45,441 - app.db - WARN - Slow query detected (391ms): SELECT * FROM recommendations WHERE user_id=42 LIMIT 20
2024-01-15 08:50:00,003 - app.server - DEBUG - GC pause: 38ms (heap=1.4GB / 2GB)
2024-01-15 08:52:12,220 - app.auth - INFO - Token refreshed for user=alice@example.com (expires in 3600s)
2024-01-15 08:54:33,774 - app.api - INFO - GET /api/feed 200 OK (34ms) user=alice@example.com items=25
2024-01-15 08:56:01,009 - app.db - INFO - Scheduled job: recalculating recommendation scores for 12,408 users
2024-01-15 08:59:45,112 - app.db - ERROR - Out of disk space on replica db-replica-2.internal (partition: /var/lib/mysql)
2024-01-15 09:00:01,001 - app.server - FATAL - Unhandled exception in request worker: java.lang.OutOfMemoryError: GC overhead limit exceeded
2024-01-15 09:00:01,223 - app.server - FATAL - Worker process terminated — restarting (attempt 1/3)
2024-01-15 09:00:03,441 - app.server - INFO - Worker process restarted successfully
2024-01-15 09:00:05,002 - app.db - INFO - Re-establishing database connection pool after restart
2024-01-15 09:00:06,334 - app.server - INFO - Server resumed normal operation
2024-01-15 09:01:22,440 - app.api - INFO - GET /health 200 OK (1ms)
2024-01-15 09:03:45,881 - app.api - INFO - POST /api/checkout 200 OK (95ms) order_id=1090
2024-01-15 09:05:00,112 - app.db - WARN - Connection pool at 80% capacity (8/10 connections in use)
2024-01-15 09:07:33,221 - app.auth - WARN - Session expiry warning for user=bob@example.com (expires in 300s)
2024-01-15 09:10:01,774 - app.server - INFO - Health check OK — uptime=4800s, requests=2011, errors=14
2024-01-15 09:12:45,003 - app.cache - DEBUG - Refreshing 342 stale cache keys
2024-01-15 09:15:22,440 - app.api - ERROR - POST /api/upload 413 Request Entity Too Large — max size 10MB exceeded
2024-01-15 09:18:00,112 - app.db - INFO - Index maintenance complete on table=events (runtime=18s)
2024-01-15 09:20:33,881 - app.api - INFO - GET /api/orders/history 200 OK (28ms) user=charlie@example.com
2024-01-15 09:23:11,003 - app.payments - ERROR - Webhook signature verification failed for event=evt_abc456 — possible replay attack
2024-01-15 09:25:45,228 - app.server - WARN - CPU usage spike: 94% for 30s — possible resource contention
2024-01-15 09:28:01,440 - app.db - ERROR - Replication lag on db-replica-1.internal is 42s — reads may be stale
2024-01-15 09:30:00,001 - app.server - INFO - Health check OK — uptime=7200s, requests=2788, errors=19
